f:\otu\math\essential math tutorial 3\spritelib3.0-v2.0\x64\debug\vc142.pdb
f:\otu\math\essential math tutorial 3\spritelib3.0-v2.0\x64\debug\vc142.idb
f:\otu\math\essential math tutorial 3\spritelib3.0-v2.0\x64\debug\imgui_widgets.obj
f:\otu\math\essential math tutorial 3\spritelib3.0-v2.0\x64\debug\imgui_impl.obj
f:\otu\math\essential math tutorial 3\spritelib3.0-v2.0\x64\debug\imgui_draw.obj
f:\otu\math\essential math tutorial 3\spritelib3.0-v2.0\x64\debug\imgui_demo.obj
f:\otu\math\essential math tutorial 3\spritelib3.0-v2.0\x64\debug\imgui.obj
f:\otu\math\essential math tutorial 3\spritelib3.0-v2.0\x64\debug\horizontalscroll.obj
f:\otu\math\essential math tutorial 3\spritelib3.0-v2.0\x64\debug\greyscaleeffect.obj
f:\otu\math\essential math tutorial 3\spritelib3.0-v2.0\x64\debug\graineffect.obj
f:\otu\math\essential math tutorial 3\spritelib3.0-v2.0\x64\debug\game.obj
f:\otu\math\essential math tutorial 3\spritelib3.0-v2.0\x64\debug\framebuffer.obj
f:\otu\math\essential math tutorial 3\spritelib3.0-v2.0\x64\debug\firstcreation.obj
f:\otu\math\essential math tutorial 3\spritelib3.0-v2.0\x64\debug\effectmanager.obj
f:\otu\math\essential math tutorial 3\spritelib3.0-v2.0\x64\debug\ecs.obj
f:\otu\math\essential math tutorial 3\spritelib3.0-v2.0\x64\debug\camerasystem.obj
f:\otu\math\essential math tutorial 3\spritelib3.0-v2.0\x64\debug\camera.obj
f:\otu\math\essential math tutorial 3\spritelib3.0-v2.0\x64\debug\bloomeffect.obj
f:\otu\math\essential math tutorial 3\spritelib3.0-v2.0\x64\debug\backend.obj
f:\otu\math\essential math tutorial 3\spritelib3.0-v2.0\x64\debug\animationsystem.obj
f:\otu\math\essential math tutorial 3\spritelib3.0-v2.0\x64\debug\animationcontroller.obj
f:\otu\math\essential math tutorial 3\spritelib3.0-v2.0\x64\debug\texturemanager.obj
f:\otu\math\essential math tutorial 3\spritelib3.0-v2.0\x64\debug\texture.obj
f:\otu\math\essential math tutorial 3\spritelib3.0-v2.0\x64\debug\sprite.obj
f:\otu\math\essential math tutorial 3\spritelib3.0-v2.0\x64\debug\shader.obj
f:\otu\math\essential math tutorial 3\spritelib3.0-v2.0\x64\debug\sepiaeffect.obj
f:\otu\math\essential math tutorial 3\spritelib3.0-v2.0\x64\debug\selectivecoloreffect.obj
f:\otu\math\essential math tutorial 3\spritelib3.0-v2.0\x64\debug\selectable.obj
f:\otu\math\essential math tutorial 3\spritelib3.0-v2.0\x64\debug\scene.obj
f:\otu\math\essential math tutorial 3\spritelib3.0-v2.0\x64\debug\renderingsystem.obj
f:\otu\math\essential math tutorial 3\spritelib3.0-v2.0\x64\debug\posteffect.obj
f:\otu\math\essential math tutorial 3\spritelib3.0-v2.0\x64\debug\player.obj
f:\otu\math\essential math tutorial 3\spritelib3.0-v2.0\x64\debug\pixelateeffect.obj
f:\otu\math\essential math tutorial 3\spritelib3.0-v2.0\x64\debug\physicssystem.obj
f:\otu\math\essential math tutorial 3\spritelib3.0-v2.0\x64\debug\physicsplayground.obj
f:\otu\math\essential math tutorial 3\spritelib3.0-v2.0\x64\debug\physicsbody.obj
f:\otu\math\essential math tutorial 3\spritelib3.0-v2.0\x64\debug\matrix.obj
f:\otu\math\essential math tutorial 3\spritelib3.0-v2.0\x64\debug\mainentities.obj
f:\otu\math\essential math tutorial 3\spritelib3.0-v2.0\x64\debug\main.obj
f:\otu\math\essential math tutorial 3\spritelib3.0-v2.0\x64\debug\json.obj
f:\otu\math\essential math tutorial 3\spritelib3.0-v2.0\x64\debug\input.obj
f:\otu\math\essential math tutorial 3\spritelib3.0-v2.0\x64\debug\xinput.obj
f:\otu\math\essential math tutorial 3\spritelib3.0-v2.0\x64\debug\window.obj
f:\otu\math\essential math tutorial 3\spritelib3.0-v2.0\x64\debug\vignetteeffect.obj
f:\otu\math\essential math tutorial 3\spritelib3.0-v2.0\x64\debug\verticalscroll.obj
f:\otu\math\essential math tutorial 3\spritelib3.0-v2.0\x64\debug\vertexmanager.obj
f:\otu\math\essential math tutorial 3\spritelib3.0-v2.0\x64\debug\vector.obj
f:\otu\math\essential math tutorial 3\spritelib3.0-v2.0\x64\debug\utilities.obj
f:\otu\math\essential math tutorial 3\spritelib3.0-v2.0\x64\debug\ui.obj
f:\otu\math\essential math tutorial 3\spritelib3.0-v2.0\x64\debug\transform.obj
f:\otu\math\essential math tutorial 3\spritelib3.0-v2.0\x64\debug\timer.obj
f:\otu\math\essential math tutorial 3\spritelib3.0-v2.0\x64\debug\animationspriteplayground.obj
f:\otu\math\essential math tutorial 3\x64\debug\spritelib3.0-v2.0.exe
f:\otu\math\essential math tutorial 3\x64\debug\spritelib3.0-v2.0.ilk
f:\otu\math\essential math tutorial 3\x64\debug\spritelib3.0-v2.0.pdb
f:\otu\math\essential math tutorial 3\x64\debug\spritelib3.0-v2.0.lib
f:\otu\math\essential math tutorial 3\x64\debug\spritelib3.0-v2.0.exp
f:\otu\math\math assignment 1\essential math tutorial 3\spritelib3.0-v2.0\x64\debug\animationcontroller.obj
f:\otu\math\math assignment 1\essential math tutorial 3\spritelib3.0-v2.0\x64\debug\animationspriteplayground.obj
f:\otu\math\math assignment 1\essential math tutorial 3\spritelib3.0-v2.0\x64\debug\animationsystem.obj
f:\otu\math\math assignment 1\essential math tutorial 3\spritelib3.0-v2.0\x64\debug\backend.obj
f:\otu\math\math assignment 1\essential math tutorial 3\spritelib3.0-v2.0\x64\debug\bloomeffect.obj
f:\otu\math\math assignment 1\essential math tutorial 3\spritelib3.0-v2.0\x64\debug\camera.obj
f:\otu\math\math assignment 1\essential math tutorial 3\spritelib3.0-v2.0\x64\debug\camerasystem.obj
f:\otu\math\math assignment 1\essential math tutorial 3\spritelib3.0-v2.0\x64\debug\ecs.obj
f:\otu\math\math assignment 1\essential math tutorial 3\spritelib3.0-v2.0\x64\debug\effectmanager.obj
f:\otu\math\math assignment 1\essential math tutorial 3\spritelib3.0-v2.0\x64\debug\firstcreation.obj
f:\otu\math\math assignment 1\essential math tutorial 3\spritelib3.0-v2.0\x64\debug\framebuffer.obj
f:\otu\math\math assignment 1\essential math tutorial 3\spritelib3.0-v2.0\x64\debug\game.obj
f:\otu\math\math assignment 1\essential math tutorial 3\spritelib3.0-v2.0\x64\debug\graineffect.obj
f:\otu\math\math assignment 1\essential math tutorial 3\spritelib3.0-v2.0\x64\debug\greyscaleeffect.obj
f:\otu\math\math assignment 1\essential math tutorial 3\spritelib3.0-v2.0\x64\debug\horizontalscroll.obj
f:\otu\math\math assignment 1\essential math tutorial 3\spritelib3.0-v2.0\x64\debug\imgui.obj
f:\otu\math\math assignment 1\essential math tutorial 3\spritelib3.0-v2.0\x64\debug\imgui_demo.obj
f:\otu\math\math assignment 1\essential math tutorial 3\spritelib3.0-v2.0\x64\debug\imgui_draw.obj
f:\otu\math\math assignment 1\essential math tutorial 3\spritelib3.0-v2.0\x64\debug\imgui_impl.obj
f:\otu\math\math assignment 1\essential math tutorial 3\spritelib3.0-v2.0\x64\debug\imgui_widgets.obj
f:\otu\math\math assignment 1\essential math tutorial 3\spritelib3.0-v2.0\x64\debug\input.obj
f:\otu\math\math assignment 1\essential math tutorial 3\spritelib3.0-v2.0\x64\debug\json.obj
f:\otu\math\math assignment 1\essential math tutorial 3\spritelib3.0-v2.0\x64\debug\main.obj
f:\otu\math\math assignment 1\essential math tutorial 3\spritelib3.0-v2.0\x64\debug\mainentities.obj
f:\otu\math\math assignment 1\essential math tutorial 3\spritelib3.0-v2.0\x64\debug\matrix.obj
f:\otu\math\math assignment 1\essential math tutorial 3\spritelib3.0-v2.0\x64\debug\physicsbody.obj
f:\otu\math\math assignment 1\essential math tutorial 3\spritelib3.0-v2.0\x64\debug\physicsplayground.obj
f:\otu\math\math assignment 1\essential math tutorial 3\spritelib3.0-v2.0\x64\debug\physicssystem.obj
f:\otu\math\math assignment 1\essential math tutorial 3\spritelib3.0-v2.0\x64\debug\pixelateeffect.obj
f:\otu\math\math assignment 1\essential math tutorial 3\spritelib3.0-v2.0\x64\debug\player.obj
f:\otu\math\math assignment 1\essential math tutorial 3\spritelib3.0-v2.0\x64\debug\posteffect.obj
f:\otu\math\math assignment 1\essential math tutorial 3\spritelib3.0-v2.0\x64\debug\renderingsystem.obj
f:\otu\math\math assignment 1\essential math tutorial 3\spritelib3.0-v2.0\x64\debug\scene.obj
f:\otu\math\math assignment 1\essential math tutorial 3\spritelib3.0-v2.0\x64\debug\selectable.obj
f:\otu\math\math assignment 1\essential math tutorial 3\spritelib3.0-v2.0\x64\debug\selectivecoloreffect.obj
f:\otu\math\math assignment 1\essential math tutorial 3\spritelib3.0-v2.0\x64\debug\sepiaeffect.obj
f:\otu\math\math assignment 1\essential math tutorial 3\spritelib3.0-v2.0\x64\debug\shader.obj
f:\otu\math\math assignment 1\essential math tutorial 3\spritelib3.0-v2.0\x64\debug\sprite.obj
f:\otu\math\math assignment 1\essential math tutorial 3\spritelib3.0-v2.0\x64\debug\texture.obj
f:\otu\math\math assignment 1\essential math tutorial 3\spritelib3.0-v2.0\x64\debug\texturemanager.obj
f:\otu\math\math assignment 1\essential math tutorial 3\spritelib3.0-v2.0\x64\debug\timer.obj
f:\otu\math\math assignment 1\essential math tutorial 3\spritelib3.0-v2.0\x64\debug\transform.obj
f:\otu\math\math assignment 1\essential math tutorial 3\spritelib3.0-v2.0\x64\debug\ui.obj
f:\otu\math\math assignment 1\essential math tutorial 3\spritelib3.0-v2.0\x64\debug\utilities.obj
f:\otu\math\math assignment 1\essential math tutorial 3\spritelib3.0-v2.0\x64\debug\vector.obj
f:\otu\math\math assignment 1\essential math tutorial 3\spritelib3.0-v2.0\x64\debug\vertexmanager.obj
f:\otu\math\math assignment 1\essential math tutorial 3\spritelib3.0-v2.0\x64\debug\verticalscroll.obj
f:\otu\math\math assignment 1\essential math tutorial 3\spritelib3.0-v2.0\x64\debug\vignetteeffect.obj
f:\otu\math\math assignment 1\essential math tutorial 3\spritelib3.0-v2.0\x64\debug\window.obj
f:\otu\math\math assignment 1\essential math tutorial 3\spritelib3.0-v2.0\x64\debug\xinput.obj
f:\otu\math\math assignment 1\essential math tutorial 3\spritelib3.0-v2.0\x64\debug\vc142.idb
f:\otu\math\math assignment 1\essential math tutorial 3\spritelib3.0-v2.0\x64\debug\vc142.pdb
f:\otu\math\math assignment 1\essential math tutorial 3\x64\debug\spritelib3.0-v2.0.pdb
f:\otu\math\math assignment 1\essential math tutorial 3\x64\debug\spritelib3.0-v2.0.exe
f:\otu\math\math assignment 1\essential math tutorial 3\x64\debug\spritelib3.0-v2.0.ilk
f:\otu\math\math assignment 1\essential math tutorial 3\spritelib3.0-v2.0\x64\debug\spriteli.ba52a4be.tlog\cl.command.1.tlog
f:\otu\math\math assignment 1\essential math tutorial 3\spritelib3.0-v2.0\x64\debug\spriteli.ba52a4be.tlog\cl.read.1.tlog
f:\otu\math\math assignment 1\essential math tutorial 3\spritelib3.0-v2.0\x64\debug\spriteli.ba52a4be.tlog\cl.write.1.tlog
f:\otu\math\math assignment 1\essential math tutorial 3\spritelib3.0-v2.0\x64\debug\spriteli.ba52a4be.tlog\link.command.1.tlog
f:\otu\math\math assignment 1\essential math tutorial 3\spritelib3.0-v2.0\x64\debug\spriteli.ba52a4be.tlog\link.read.1.tlog
f:\otu\math\math assignment 1\essential math tutorial 3\spritelib3.0-v2.0\x64\debug\spriteli.ba52a4be.tlog\link.write.1.tlog
f:\otu\math\math assignment 1\essential math tutorial 3\spritelib3.0-v2.0\x64\debug\spriteli.ba52a4be.tlog\spritelib3.0-v2.0.write.1u.tlog
